<?xml version="1.0" encoding="UTF-8"?>
<testng-results skipped="0" failed="0" ignored="0" total="1" passed="1">
  <reporter-output>
  </reporter-output>
  <suite name="Suite" duration-ms="26706" started-at="2018-05-20T11:27:35Z" finished-at="2018-05-20T11:28:01Z">
    <groups>
    </groups>
    <test name="Test" duration-ms="26706" started-at="2018-05-20T11:27:35Z" finished-at="2018-05-20T11:28:01Z">
      <class name="apache.maven.org.maven_proj.SeleniumCaseStudy">
        <test-method status="PASS" signature="seleniumTest()[pri:0, instance:apache.maven.org.maven_proj.SeleniumCaseStudy@64bfbc86]" name="seleniumTest" duration-ms="26589" started-at="2018-05-20T16:57:35Z" finished-at="2018-05-20T16:58:01Z">
          <reporter-output>
          </reporter-output>
        </test-method> <!-- seleniumTest -->
        <test-method status="PASS" signature="after()[pri:0, instance:apache.maven.org.maven_proj.SeleniumCaseStudy@64bfbc86]" name="after" is-config="true" duration-ms="1" started-at="2018-05-20T16:58:01Z" finished-at="2018-05-20T16:58:01Z">
          <reporter-output>
          </reporter-output>
        </test-method> <!-- after -->
      </class> <!-- apache.maven.org.maven_proj.SeleniumCaseStudy -->
    </test> <!-- Test -->
  </suite> <!-- Suite -->
</testng-results>
